{"J:\\front\\weather-app\\src\\Context.js": {"path":"J:\\front\\weather-app\\src\\Context.js","statementMap":{"0":{"start":{"line":3,"column":19},"end":{"line":3,"column":40}}},"fnMap":{},"branchMap":{},"s":{"0":5},"f":{},"b":{},"_coverageSchema":"43e27e138ebf9cfc5966b082cf9a028302ed4184","hash":"1d1f553dda923193d86700488ca19f26e2fc7dc7"}
,"J:\\front\\weather-app\\src\\serviceWorker.js": {"path":"J:\\front\\weather-app\\src\\serviceWorker.js","statementMap":{"0":{"start":{"line":13,"column":20},"end":{"line":21,"column":1}},"1":{"start":{"line":24,"column":2},"end":{"line":54,"column":3}},"2":{"start":{"line":26,"column":22},"end":{"line":26,"column":75}},"3":{"start":{"line":27,"column":4},"end":{"line":32,"column":5}},"4":{"start":{"line":31,"column":6},"end":{"line":31,"column":13}},"5":{"start":{"line":34,"column":4},"end":{"line":53,"column":7}},"6":{"start":{"line":35,"column":20},"end":{"line":35,"column":65}},"7":{"start":{"line":37,"column":6},"end":{"line":52,"column":7}},"8":{"start":{"line":39,"column":8},"end":{"line":39,"column":47}},"9":{"start":{"line":43,"column":8},"end":{"line":48,"column":11}},"10":{"start":{"line":44,"column":10},"end":{"line":47,"column":12}},"11":{"start":{"line":51,"column":8},"end":{"line":51,"column":39}},"12":{"start":{"line":58,"column":2},"end":{"line":101,"column":7}},"13":{"start":{"line":62,"column":6},"end":{"line":62,"column":35}},"14":{"start":{"line":64,"column":6},"end":{"line":97,"column":8}},"15":{"start":{"line":65,"column":33},"end":{"line":65,"column":56}},"16":{"start":{"line":66,"column":8},"end":{"line":68,"column":9}},"17":{"start":{"line":67,"column":10},"end":{"line":67,"column":17}},"18":{"start":{"line":69,"column":8},"end":{"line":96,"column":10}},"19":{"start":{"line":70,"column":10},"end":{"line":95,"column":11}},"20":{"start":{"line":71,"column":12},"end":{"line":94,"column":13}},"21":{"start":{"line":75,"column":14},"end":{"line":78,"column":16}},"22":{"start":{"line":81,"column":14},"end":{"line":83,"column":15}},"23":{"start":{"line":82,"column":16},"end":{"line":82,"column":46}},"24":{"start":{"line":88,"column":14},"end":{"line":88,"column":64}},"25":{"start":{"line":91,"column":14},"end":{"line":93,"column":15}},"26":{"start":{"line":92,"column":16},"end":{"line":92,"column":47}},"27":{"start":{"line":100,"column":6},"end":{"line":100,"column":72}},"28":{"start":{"line":106,"column":2},"end":{"line":129,"column":7}},"29":{"start":{"line":109,"column":26},"end":{"line":109,"column":62}},"30":{"start":{"line":110,"column":6},"end":{"line":123,"column":7}},"31":{"start":{"line":115,"column":8},"end":{"line":119,"column":11}},"32":{"start":{"line":116,"column":10},"end":{"line":118,"column":13}},"33":{"start":{"line":117,"column":12},"end":{"line":117,"column":37}},"34":{"start":{"line":122,"column":8},"end":{"line":122,"column":39}},"35":{"start":{"line":126,"column":6},"end":{"line":128,"column":8}},"36":{"start":{"line":133,"column":2},"end":{"line":137,"column":3}},"37":{"start":{"line":134,"column":4},"end":{"line":136,"column":7}},"38":{"start":{"line":135,"column":6},"end":{"line":135,"column":32}}},"fnMap":{"0":{"name":"register","decl":{"start":{"line":23,"column":16},"end":{"line":23,"column":24}},"loc":{"start":{"line":23,"column":33},"end":{"line":55,"column":1}},"line":23},"1":{"name":"(anonymous_1)","decl":{"start":{"line":34,"column":36},"end":{"line":34,"column":37}},"loc":{"start":{"line":34,"column":42},"end":{"line":53,"column":5}},"line":34},"2":{"name":"(anonymous_2)","decl":{"start":{"line":43,"column":43},"end":{"line":43,"column":44}},"loc":{"start":{"line":43,"column":49},"end":{"line":48,"column":9}},"line":43},"3":{"name":"registerValidSW","decl":{"start":{"line":57,"column":9},"end":{"line":57,"column":24}},"loc":{"start":{"line":57,"column":40},"end":{"line":102,"column":1}},"line":57},"4":{"name":"(anonymous_4)","decl":{"start":{"line":60,"column":10},"end":{"line":60,"column":11}},"loc":{"start":{"line":60,"column":26},"end":{"line":98,"column":5}},"line":60},"5":{"name":"(anonymous_5)","decl":{"start":{"line":64,"column":35},"end":{"line":64,"column":36}},"loc":{"start":{"line":64,"column":41},"end":{"line":97,"column":7}},"line":64},"6":{"name":"(anonymous_6)","decl":{"start":{"line":69,"column":41},"end":{"line":69,"column":42}},"loc":{"start":{"line":69,"column":47},"end":{"line":96,"column":9}},"line":69},"7":{"name":"(anonymous_7)","decl":{"start":{"line":99,"column":11},"end":{"line":99,"column":12}},"loc":{"start":{"line":99,"column":20},"end":{"line":101,"column":5}},"line":99},"8":{"name":"checkValidServiceWorker","decl":{"start":{"line":104,"column":9},"end":{"line":104,"column":32}},"loc":{"start":{"line":104,"column":48},"end":{"line":130,"column":1}},"line":104},"9":{"name":"(anonymous_9)","decl":{"start":{"line":107,"column":10},"end":{"line":107,"column":11}},"loc":{"start":{"line":107,"column":22},"end":{"line":124,"column":5}},"line":107},"10":{"name":"(anonymous_10)","decl":{"start":{"line":115,"column":43},"end":{"line":115,"column":44}},"loc":{"start":{"line":115,"column":59},"end":{"line":119,"column":9}},"line":115},"11":{"name":"(anonymous_11)","decl":{"start":{"line":116,"column":41},"end":{"line":116,"column":42}},"loc":{"start":{"line":116,"column":47},"end":{"line":118,"column":11}},"line":116},"12":{"name":"(anonymous_12)","decl":{"start":{"line":125,"column":11},"end":{"line":125,"column":12}},"loc":{"start":{"line":125,"column":17},"end":{"line":129,"column":5}},"line":125},"13":{"name":"unregister","decl":{"start":{"line":132,"column":16},"end":{"line":132,"column":26}},"loc":{"start":{"line":132,"column":29},"end":{"line":138,"column":1}},"line":132},"14":{"name":"(anonymous_14)","decl":{"start":{"line":134,"column":39},"end":{"line":134,"column":40}},"loc":{"start":{"line":134,"column":55},"end":{"line":136,"column":5}},"line":134}},"branchMap":{"0":{"loc":{"start":{"line":14,"column":2},"end":{"line":20,"column":5}},"type":"binary-expr","locations":[{"start":{"line":14,"column":2},"end":{"line":14,"column":42}},{"start":{"line":16,"column":4},"end":{"line":16,"column":40}},{"start":{"line":18,"column":4},"end":{"line":20,"column":5}}],"line":14},"1":{"loc":{"start":{"line":24,"column":2},"end":{"line":54,"column":3}},"type":"if","locations":[{"start":{"line":24,"column":2},"end":{"line":54,"column":3}},{"start":{"line":24,"column":2},"end":{"line":54,"column":3}}],"line":24},"2":{"loc":{"start":{"line":24,"column":6},"end":{"line":24,"column":75}},"type":"binary-expr","locations":[{"start":{"line":24,"column":6},"end":{"line":24,"column":43}},{"start":{"line":24,"column":47},"end":{"line":24,"column":75}}],"line":24},"3":{"loc":{"start":{"line":27,"column":4},"end":{"line":32,"column":5}},"type":"if","locations":[{"start":{"line":27,"column":4},"end":{"line":32,"column":5}},{"start":{"line":27,"column":4},"end":{"line":32,"column":5}}],"line":27},"4":{"loc":{"start":{"line":37,"column":6},"end":{"line":52,"column":7}},"type":"if","locations":[{"start":{"line":37,"column":6},"end":{"line":52,"column":7}},{"start":{"line":37,"column":6},"end":{"line":52,"column":7}}],"line":37},"5":{"loc":{"start":{"line":66,"column":8},"end":{"line":68,"column":9}},"type":"if","locations":[{"start":{"line":66,"column":8},"end":{"line":68,"column":9}},{"start":{"line":66,"column":8},"end":{"line":68,"column":9}}],"line":66},"6":{"loc":{"start":{"line":70,"column":10},"end":{"line":95,"column":11}},"type":"if","locations":[{"start":{"line":70,"column":10},"end":{"line":95,"column":11}},{"start":{"line":70,"column":10},"end":{"line":95,"column":11}}],"line":70},"7":{"loc":{"start":{"line":71,"column":12},"end":{"line":94,"column":13}},"type":"if","locations":[{"start":{"line":71,"column":12},"end":{"line":94,"column":13}},{"start":{"line":71,"column":12},"end":{"line":94,"column":13}}],"line":71},"8":{"loc":{"start":{"line":81,"column":14},"end":{"line":83,"column":15}},"type":"if","locations":[{"start":{"line":81,"column":14},"end":{"line":83,"column":15}},{"start":{"line":81,"column":14},"end":{"line":83,"column":15}}],"line":81},"9":{"loc":{"start":{"line":81,"column":18},"end":{"line":81,"column":43}},"type":"binary-expr","locations":[{"start":{"line":81,"column":18},"end":{"line":81,"column":24}},{"start":{"line":81,"column":28},"end":{"line":81,"column":43}}],"line":81},"10":{"loc":{"start":{"line":91,"column":14},"end":{"line":93,"column":15}},"type":"if","locations":[{"start":{"line":91,"column":14},"end":{"line":93,"column":15}},{"start":{"line":91,"column":14},"end":{"line":93,"column":15}}],"line":91},"11":{"loc":{"start":{"line":91,"column":18},"end":{"line":91,"column":44}},"type":"binary-expr","locations":[{"start":{"line":91,"column":18},"end":{"line":91,"column":24}},{"start":{"line":91,"column":28},"end":{"line":91,"column":44}}],"line":91},"12":{"loc":{"start":{"line":110,"column":6},"end":{"line":123,"column":7}},"type":"if","locations":[{"start":{"line":110,"column":6},"end":{"line":123,"column":7}},{"start":{"line":110,"column":6},"end":{"line":123,"column":7}}],"line":110},"13":{"loc":{"start":{"line":111,"column":8},"end":{"line":112,"column":73}},"type":"binary-expr","locations":[{"start":{"line":111,"column":8},"end":{"line":111,"column":31}},{"start":{"line":112,"column":9},"end":{"line":112,"column":28}},{"start":{"line":112,"column":32},"end":{"line":112,"column":72}}],"line":111},"14":{"loc":{"start":{"line":133,"column":2},"end":{"line":137,"column":3}},"type":"if","locations":[{"start":{"line":133,"column":2},"end":{"line":137,"column":3}},{"start":{"line":133,"column":2},"end":{"line":137,"column":3}}],"line":133}},"s":{"0":0,"1":0,"2":0,"3":0,"4":0,"5":0,"6":0,"7":0,"8":0,"9":0,"10":0,"11":0,"12":0,"13":0,"14":0,"15":0,"16":0,"17":0,"18":0,"19":0,"20":0,"21":0,"22":0,"23":0,"24":0,"25":0,"26":0,"27":0,"28":0,"29":0,"30":0,"31":0,"32":0,"33":0,"34":0,"35":0,"36":0,"37":0,"38":0},"f":{"0":0,"1":0,"2":0,"3":0,"4":0,"5":0,"6":0,"7":0,"8":0,"9":0,"10":0,"11":0,"12":0,"13":0,"14":0},"b":{"0":[0,0,0],"1":[0,0],"2":[0,0],"3":[0,0],"4":[0,0],"5":[0,0],"6":[0,0],"7":[0,0],"8":[0,0],"9":[0,0],"10":[0,0],"11":[0,0],"12":[0,0],"13":[0,0,0],"14":[0,0]},"hash":"76fdbbdcafe9525abb7c01d8b0f1b6d22b7bdd92"}
,"J:\\front\\weather-app\\src\\components\\Form\\Form.js": {"path":"J:\\front\\weather-app\\src\\components\\Form\\Form.js","statementMap":{"0":{"start":{"line":7,"column":16},"end":{"line":23,"column":1}},"1":{"start":{"line":9,"column":2},"end":{"line":21,"column":24}},"2":{"start":{"line":12,"column":4},"end":{"line":17,"column":11}},"3":{"start":{"line":12,"column":54},"end":{"line":12,"column":79}},"4":{"start":{"line":14,"column":120},"end":{"line":14,"column":148}}},"fnMap":{"0":{"name":"(anonymous_0)","decl":{"start":{"line":7,"column":16},"end":{"line":7,"column":17}},"loc":{"start":{"line":9,"column":2},"end":{"line":21,"column":24}},"line":9},"1":{"name":"(anonymous_1)","decl":{"start":{"line":10,"column":4},"end":{"line":10,"column":5}},"loc":{"start":{"line":12,"column":4},"end":{"line":17,"column":11}},"line":12},"2":{"name":"(anonymous_2)","decl":{"start":{"line":12,"column":47},"end":{"line":12,"column":48}},"loc":{"start":{"line":12,"column":54},"end":{"line":12,"column":79}},"line":12},"3":{"name":"(anonymous_3)","decl":{"start":{"line":14,"column":113},"end":{"line":14,"column":114}},"loc":{"start":{"line":14,"column":120},"end":{"line":14,"column":148}},"line":14}},"branchMap":{},"s":{"0":2,"1":3,"2":2,"3":0,"4":0},"f":{"0":3,"1":2,"2":0,"3":0},"b":{},"_coverageSchema":"43e27e138ebf9cfc5966b082cf9a028302ed4184","hash":"f839d182e5be5c7388ad14e23534d29289b084b1"}
,"J:\\front\\weather-app\\src\\components\\List\\List.js": {"path":"J:\\front\\weather-app\\src\\components\\List\\List.js","statementMap":{"0":{"start":{"line":6,"column":13},"end":{"line":30,"column":1}},"1":{"start":{"line":8,"column":4},"end":{"line":29,"column":7}},"2":{"start":{"line":24,"column":38},"end":{"line":24,"column":127}}},"fnMap":{"0":{"name":"(anonymous_0)","decl":{"start":{"line":6,"column":13},"end":{"line":6,"column":14}},"loc":{"start":{"line":8,"column":4},"end":{"line":29,"column":7}},"line":8},"1":{"name":"(anonymous_1)","decl":{"start":{"line":24,"column":22},"end":{"line":24,"column":23}},"loc":{"start":{"line":24,"column":38},"end":{"line":24,"column":127}},"line":24}},"branchMap":{"0":{"loc":{"start":{"line":9,"column":5},"end":{"line":9,"column":101}},"type":"binary-expr","locations":[{"start":{"line":9,"column":5},"end":{"line":9,"column":15}},{"start":{"line":9,"column":19},"end":{"line":9,"column":101}}],"line":9},"1":{"loc":{"start":{"line":10,"column":5},"end":{"line":10,"column":107}},"type":"binary-expr","locations":[{"start":{"line":10,"column":5},"end":{"line":10,"column":17}},{"start":{"line":10,"column":21},"end":{"line":10,"column":107}}],"line":10}},"s":{"0":4,"1":3,"2":2},"f":{"0":3,"1":2},"b":{"0":[3,0],"1":[3,0]},"_coverageSchema":"43e27e138ebf9cfc5966b082cf9a028302ed4184","hash":"e33a9cfe319cffb031d99a9ac127bb7f98fbf8f1"}
,"J:\\front\\weather-app\\src\\components\\List\\ListItem\\Listitem.js": {"path":"J:\\front\\weather-app\\src\\components\\List\\ListItem\\Listitem.js","statementMap":{"0":{"start":{"line":8,"column":17},"end":{"line":36,"column":1}},"1":{"start":{"line":11,"column":2},"end":{"line":33,"column":24}},"2":{"start":{"line":14,"column":2},"end":{"line":29,"column":6}},"3":{"start":{"line":18,"column":59},"end":{"line":18,"column":80}}},"fnMap":{"0":{"name":"(anonymous_0)","decl":{"start":{"line":8,"column":17},"end":{"line":8,"column":18}},"loc":{"start":{"line":11,"column":2},"end":{"line":33,"column":24}},"line":11},"1":{"name":"(anonymous_1)","decl":{"start":{"line":12,"column":4},"end":{"line":12,"column":5}},"loc":{"start":{"line":14,"column":2},"end":{"line":29,"column":6}},"line":14},"2":{"name":"(anonymous_2)","decl":{"start":{"line":18,"column":52},"end":{"line":18,"column":53}},"loc":{"start":{"line":18,"column":59},"end":{"line":18,"column":80}},"line":18}},"branchMap":{"0":{"loc":{"start":{"line":17,"column":21},"end":{"line":17,"column":72}},"type":"cond-expr","locations":[{"start":{"line":17,"column":39},"end":{"line":17,"column":54}},{"start":{"line":17,"column":57},"end":{"line":17,"column":72}}],"line":17}},"s":{"0":5,"1":3,"2":2,"3":0},"f":{"0":3,"1":2,"2":0},"b":{"0":[1,1]},"_coverageSchema":"43e27e138ebf9cfc5966b082cf9a028302ed4184","hash":"0c00745b77e0799b25386d507fbcb709f91835e7"}
,"J:\\front\\weather-app\\src\\components\\Nav\\SettingsBar.js": {"path":"J:\\front\\weather-app\\src\\components\\Nav\\SettingsBar.js","statementMap":{"0":{"start":{"line":7,"column":20},"end":{"line":20,"column":1}},"1":{"start":{"line":9,"column":4},"end":{"line":18,"column":10}}},"fnMap":{"0":{"name":"(anonymous_0)","decl":{"start":{"line":7,"column":20},"end":{"line":7,"column":21}},"loc":{"start":{"line":9,"column":4},"end":{"line":18,"column":10}},"line":9}},"branchMap":{},"s":{"0":2,"1":3},"f":{"0":3},"b":{},"_coverageSchema":"43e27e138ebf9cfc5966b082cf9a028302ed4184","hash":"d1dd3e5fce58be0eb176c9327bd99b8a3f1f5973"}
,"J:\\front\\weather-app\\src\\views\\ItemView\\ItemView.js": {"path":"J:\\front\\weather-app\\src\\views\\ItemView\\ItemView.js","statementMap":{"0":{"start":{"line":14,"column":4},"end":{"line":47,"column":5}}},"fnMap":{"0":{"name":"(anonymous_0)","decl":{"start":{"line":10,"column":0},"end":{"line":10,"column":1}},"loc":{"start":{"line":10,"column":8},"end":{"line":48,"column":1}},"line":10}},"branchMap":{},"s":{"0":2},"f":{"0":2},"b":{},"_coverageSchema":"43e27e138ebf9cfc5966b082cf9a028302ed4184","hash":"08601580bd6f3dd2ef87a5a556c00e1e53b1c0cd"}
,"J:\\front\\weather-app\\src\\views\\ListView\\ListView.js": {"path":"J:\\front\\weather-app\\src\\views\\ListView\\ListView.js","statementMap":{"0":{"start":{"line":7,"column":17},"end":{"line":24,"column":1}},"1":{"start":{"line":9,"column":4},"end":{"line":22,"column":26}},"2":{"start":{"line":12,"column":8},"end":{"line":18,"column":15}}},"fnMap":{"0":{"name":"(anonymous_0)","decl":{"start":{"line":7,"column":17},"end":{"line":7,"column":18}},"loc":{"start":{"line":9,"column":4},"end":{"line":22,"column":26}},"line":9},"1":{"name":"(anonymous_1)","decl":{"start":{"line":10,"column":6},"end":{"line":10,"column":7}},"loc":{"start":{"line":12,"column":8},"end":{"line":18,"column":15}},"line":12}},"branchMap":{},"s":{"0":1,"1":1,"2":1},"f":{"0":1,"1":1},"b":{},"_coverageSchema":"43e27e138ebf9cfc5966b082cf9a028302ed4184","hash":"d2b0aeefc04dd1ee20f2060ff1b56059bf1e60b3"}
,"J:\\front\\weather-app\\src\\views\\RootView\\Root.js": {"path":"J:\\front\\weather-app\\src\\views\\RootView\\Root.js","statementMap":{"0":{"start":{"line":15,"column":12},"end":{"line":15,"column":46}},"1":{"start":{"line":19,"column":6},"end":{"line":31,"column":1}},"2":{"start":{"line":33,"column":14},"end":{"line":52,"column":1}},"3":{"start":{"line":35,"column":23},"end":{"line":35,"column":47}},"4":{"start":{"line":36,"column":26},"end":{"line":36,"column":28}},"5":{"start":{"line":38,"column":4},"end":{"line":40,"column":7}},"6":{"start":{"line":39,"column":8},"end":{"line":39,"column":40}},"7":{"start":{"line":42,"column":4},"end":{"line":45,"column":59}},"8":{"start":{"line":43,"column":9},"end":{"line":43,"column":62}},"9":{"start":{"line":45,"column":9},"end":{"line":45,"column":59}},"10":{"start":{"line":47,"column":4},"end":{"line":49,"column":5}},"11":{"start":{"line":47,"column":16},"end":{"line":47,"column":17}},"12":{"start":{"line":48,"column":9},"end":{"line":48,"column":51}},"13":{"start":{"line":51,"column":0},"end":{"line":51,"column":41}},"14":{"start":{"line":55,"column":15},"end":{"line":64,"column":1}},"15":{"start":{"line":56,"column":25},"end":{"line":56,"column":27}},"16":{"start":{"line":58,"column":4},"end":{"line":61,"column":5}},"17":{"start":{"line":58,"column":14},"end":{"line":58,"column":15}},"18":{"start":{"line":59,"column":8},"end":{"line":59,"column":57}},"19":{"start":{"line":60,"column":8},"end":{"line":60,"column":41}},"20":{"start":{"line":63,"column":0},"end":{"line":63,"column":22}},"21":{"start":{"line":66,"column":12},"end":{"line":75,"column":1}},"22":{"start":{"line":67,"column":21},"end":{"line":67,"column":23}},"23":{"start":{"line":69,"column":4},"end":{"line":72,"column":5}},"24":{"start":{"line":69,"column":14},"end":{"line":69,"column":15}},"25":{"start":{"line":70,"column":8},"end":{"line":70,"column":60}},"26":{"start":{"line":71,"column":8},"end":{"line":71,"column":38}},"27":{"start":{"line":74,"column":0},"end":{"line":74,"column":19}},"28":{"start":{"line":78,"column":6},"end":{"line":87,"column":1}},"29":{"start":{"line":80,"column":12},"end":{"line":80,"column":13}},"30":{"start":{"line":82,"column":4},"end":{"line":84,"column":5}},"31":{"start":{"line":82,"column":14},"end":{"line":82,"column":15}},"32":{"start":{"line":83,"column":8},"end":{"line":83,"column":37}},"33":{"start":{"line":85,"column":4},"end":{"line":85,"column":44}},"34":{"start":{"line":90,"column":20},"end":{"line":93,"column":1}},"35":{"start":{"line":91,"column":6},"end":{"line":91,"column":24}},"36":{"start":{"line":92,"column":6},"end":{"line":92,"column":44}},"37":{"start":{"line":96,"column":12},"end":{"line":136,"column":1}},"38":{"start":{"line":98,"column":23},"end":{"line":98,"column":38}},"39":{"start":{"line":99,"column":19},"end":{"line":99,"column":40}},"40":{"start":{"line":100,"column":21},"end":{"line":100,"column":44}},"41":{"start":{"line":101,"column":4},"end":{"line":101,"column":96}},"42":{"start":{"line":103,"column":4},"end":{"line":135,"column":6}},"43":{"start":{"line":106,"column":8},"end":{"line":106,"column":56}},"44":{"start":{"line":107,"column":8},"end":{"line":107,"column":31}},"45":{"start":{"line":108,"column":8},"end":{"line":108,"column":30}},"46":{"start":{"line":111,"column":21},"end":{"line":116,"column":9}},"47":{"start":{"line":118,"column":8},"end":{"line":122,"column":10}},"48":{"start":{"line":124,"column":8},"end":{"line":124,"column":37}},"49":{"start":{"line":128,"column":6},"end":{"line":128,"column":53}},"50":{"start":{"line":129,"column":6},"end":{"line":129,"column":27}},"51":{"start":{"line":130,"column":6},"end":{"line":130,"column":30}},"52":{"start":{"line":131,"column":6},"end":{"line":131,"column":57}},"53":{"start":{"line":133,"column":6},"end":{"line":133,"column":35}},"54":{"start":{"line":138,"column":8},"end":{"line":152,"column":1}},"55":{"start":{"line":140,"column":15},"end":{"line":140,"column":36}},"56":{"start":{"line":141,"column":17},"end":{"line":141,"column":40}},"57":{"start":{"line":143,"column":4},"end":{"line":151,"column":16}},"58":{"start":{"line":144,"column":8},"end":{"line":144,"column":41}},"59":{"start":{"line":145,"column":8},"end":{"line":145,"column":37}},"60":{"start":{"line":146,"column":8},"end":{"line":149,"column":10}},"61":{"start":{"line":154,"column":20},"end":{"line":172,"column":1}},"62":{"start":{"line":156,"column":4},"end":{"line":156,"column":22}},"63":{"start":{"line":157,"column":4},"end":{"line":157,"column":33}},"64":{"start":{"line":158,"column":19},"end":{"line":158,"column":40}},"65":{"start":{"line":159,"column":21},"end":{"line":159,"column":44}},"66":{"start":{"line":160,"column":15},"end":{"line":160,"column":32}},"67":{"start":{"line":162,"column":4},"end":{"line":171,"column":30}},"68":{"start":{"line":164,"column":8},"end":{"line":164,"column":52}},"69":{"start":{"line":165,"column":8},"end":{"line":165,"column":29}},"70":{"start":{"line":166,"column":8},"end":{"line":166,"column":32}},"71":{"start":{"line":168,"column":8},"end":{"line":168,"column":60}},"72":{"start":{"line":171,"column":9},"end":{"line":171,"column":30}},"73":{"start":{"line":175,"column":12},"end":{"line":184,"column":1}},"74":{"start":{"line":177,"column":14},"end":{"line":177,"column":19}},"75":{"start":{"line":179,"column":2},"end":{"line":181,"column":3}},"76":{"start":{"line":179,"column":12},"end":{"line":179,"column":13}},"77":{"start":{"line":180,"column":6},"end":{"line":180,"column":92}},"78":{"start":{"line":180,"column":79},"end":{"line":180,"column":91}},"79":{"start":{"line":183,"column":2},"end":{"line":183,"column":15}},"80":{"start":{"line":187,"column":15},"end":{"line":191,"column":1}},"81":{"start":{"line":188,"column":22},"end":{"line":188,"column":46}},"82":{"start":{"line":189,"column":3},"end":{"line":189,"column":32}},"83":{"start":{"line":190,"column":3},"end":{"line":190,"column":41}},"84":{"start":{"line":194,"column":21},"end":{"line":201,"column":1}},"85":{"start":{"line":195,"column":4},"end":{"line":195,"column":35}},"86":{"start":{"line":196,"column":5},"end":{"line":199,"column":7}},"87":{"start":{"line":204,"column":22},"end":{"line":207,"column":1}},"88":{"start":{"line":205,"column":6},"end":{"line":205,"column":71}},"89":{"start":{"line":206,"column":3},"end":{"line":206,"column":43}},"90":{"start":{"line":210,"column":19},"end":{"line":214,"column":1}},"91":{"start":{"line":212,"column":4},"end":{"line":212,"column":40}},"92":{"start":{"line":213,"column":4},"end":{"line":213,"column":64}},"93":{"start":{"line":216,"column":13},"end":{"line":220,"column":1}},"94":{"start":{"line":217,"column":19},"end":{"line":217,"column":40}},"95":{"start":{"line":218,"column":4},"end":{"line":218,"column":27}},"96":{"start":{"line":219,"column":4},"end":{"line":219,"column":39}},"97":{"start":{"line":225,"column":28},"end":{"line":232,"column":29}},"98":{"start":{"line":234,"column":4},"end":{"line":259,"column":5}}},"fnMap":{"0":{"name":"(anonymous_0)","decl":{"start":{"line":33,"column":14},"end":{"line":33,"column":15}},"loc":{"start":{"line":33,"column":23},"end":{"line":52,"column":1}},"line":33},"1":{"name":"(anonymous_1)","decl":{"start":{"line":38,"column":25},"end":{"line":38,"column":26}},"loc":{"start":{"line":38,"column":41},"end":{"line":40,"column":5}},"line":38},"2":{"name":"(anonymous_2)","decl":{"start":{"line":55,"column":15},"end":{"line":55,"column":16}},"loc":{"start":{"line":55,"column":28},"end":{"line":64,"column":1}},"line":55},"3":{"name":"(anonymous_3)","decl":{"start":{"line":66,"column":12},"end":{"line":66,"column":13}},"loc":{"start":{"line":66,"column":25},"end":{"line":75,"column":1}},"line":66},"4":{"name":"(anonymous_4)","decl":{"start":{"line":78,"column":6},"end":{"line":78,"column":7}},"loc":{"start":{"line":78,"column":20},"end":{"line":87,"column":1}},"line":78},"5":{"name":"(anonymous_5)","decl":{"start":{"line":90,"column":20},"end":{"line":90,"column":21}},"loc":{"start":{"line":90,"column":27},"end":{"line":93,"column":1}},"line":90},"6":{"name":"(anonymous_6)","decl":{"start":{"line":96,"column":12},"end":{"line":96,"column":13}},"loc":{"start":{"line":96,"column":22},"end":{"line":136,"column":1}},"line":96},"7":{"name":"(anonymous_7)","decl":{"start":{"line":104,"column":11},"end":{"line":104,"column":12}},"loc":{"start":{"line":104,"column":25},"end":{"line":126,"column":5}},"line":104},"8":{"name":"(anonymous_8)","decl":{"start":{"line":126,"column":14},"end":{"line":126,"column":15}},"loc":{"start":{"line":126,"column":25},"end":{"line":135,"column":5}},"line":126},"9":{"name":"(anonymous_9)","decl":{"start":{"line":138,"column":8},"end":{"line":138,"column":9}},"loc":{"start":{"line":138,"column":50},"end":{"line":152,"column":1}},"line":138},"10":{"name":"(anonymous_10)","decl":{"start":{"line":143,"column":15},"end":{"line":143,"column":16}},"loc":{"start":{"line":143,"column":19},"end":{"line":151,"column":5}},"line":143},"11":{"name":"(anonymous_11)","decl":{"start":{"line":154,"column":20},"end":{"line":154,"column":21}},"loc":{"start":{"line":154,"column":26},"end":{"line":172,"column":1}},"line":154},"12":{"name":"(anonymous_12)","decl":{"start":{"line":175,"column":12},"end":{"line":175,"column":13}},"loc":{"start":{"line":175,"column":27},"end":{"line":184,"column":1}},"line":175},"13":{"name":"(anonymous_13)","decl":{"start":{"line":187,"column":15},"end":{"line":187,"column":16}},"loc":{"start":{"line":187,"column":27},"end":{"line":191,"column":1}},"line":187},"14":{"name":"(anonymous_14)","decl":{"start":{"line":194,"column":21},"end":{"line":194,"column":22}},"loc":{"start":{"line":194,"column":26},"end":{"line":201,"column":1}},"line":194},"15":{"name":"(anonymous_15)","decl":{"start":{"line":204,"column":22},"end":{"line":204,"column":23}},"loc":{"start":{"line":204,"column":47},"end":{"line":207,"column":1}},"line":204},"16":{"name":"(anonymous_16)","decl":{"start":{"line":210,"column":19},"end":{"line":210,"column":20}},"loc":{"start":{"line":210,"column":25},"end":{"line":214,"column":1}},"line":210},"17":{"name":"(anonymous_17)","decl":{"start":{"line":216,"column":13},"end":{"line":216,"column":14}},"loc":{"start":{"line":216,"column":19},"end":{"line":220,"column":1}},"line":216},"18":{"name":"(anonymous_18)","decl":{"start":{"line":222,"column":0},"end":{"line":222,"column":1}},"loc":{"start":{"line":222,"column":9},"end":{"line":261,"column":3}},"line":222}},"branchMap":{"0":{"loc":{"start":{"line":42,"column":4},"end":{"line":45,"column":59}},"type":"if","locations":[{"start":{"line":42,"column":4},"end":{"line":45,"column":59}},{"start":{"line":42,"column":4},"end":{"line":45,"column":59}}],"line":42},"1":{"loc":{"start":{"line":101,"column":4},"end":{"line":101,"column":95}},"type":"cond-expr","locations":[{"start":{"line":101,"column":34},"end":{"line":101,"column":62}},{"start":{"line":101,"column":65},"end":{"line":101,"column":95}}],"line":101},"2":{"loc":{"start":{"line":162,"column":4},"end":{"line":171,"column":30}},"type":"if","locations":[{"start":{"line":162,"column":4},"end":{"line":171,"column":30}},{"start":{"line":162,"column":4},"end":{"line":171,"column":30}}],"line":162},"3":{"loc":{"start":{"line":180,"column":6},"end":{"line":180,"column":92}},"type":"if","locations":[{"start":{"line":180,"column":6},"end":{"line":180,"column":92}},{"start":{"line":180,"column":6},"end":{"line":180,"column":92}}],"line":180},"4":{"loc":{"start":{"line":196,"column":5},"end":{"line":199,"column":7}},"type":"binary-expr","locations":[{"start":{"line":196,"column":5},"end":{"line":196,"column":34}},{"start":{"line":196,"column":38},"end":{"line":199,"column":7}}],"line":196}},"s":{"0":1,"1":3,"2":3,"3":0,"4":0,"5":0,"6":0,"7":0,"8":0,"9":0,"10":0,"11":0,"12":0,"13":0,"14":3,"15":1,"16":1,"17":1,"18":3,"19":3,"20":1,"21":3,"22":1,"23":1,"24":1,"25":3,"26":3,"27":1,"28":3,"29":1,"30":1,"31":1,"32":2,"33":1,"34":3,"35":0,"36":0,"37":3,"38":0,"39":0,"40":0,"41":0,"42":0,"43":0,"44":0,"45":0,"46":0,"47":0,"48":0,"49":0,"50":0,"51":0,"52":0,"53":0,"54":3,"55":0,"56":0,"57":0,"58":0,"59":0,"60":0,"61":3,"62":0,"63":0,"64":0,"65":0,"66":0,"67":0,"68":0,"69":0,"70":0,"71":0,"72":0,"73":3,"74":0,"75":0,"76":0,"77":0,"78":0,"79":0,"80":3,"81":0,"82":0,"83":0,"84":3,"85":2,"86":2,"87":3,"88":0,"89":0,"90":3,"91":0,"92":0,"93":3,"94":0,"95":0,"96":0,"97":2,"98":2},"f":{"0":0,"1":0,"2":1,"3":1,"4":1,"5":0,"6":0,"7":0,"8":0,"9":0,"10":0,"11":0,"12":0,"13":0,"14":2,"15":0,"16":0,"17":0,"18":2},"b":{"0":[0,0],"1":[0,0],"2":[0,0],"3":[0,0],"4":[2,0]},"_coverageSchema":"43e27e138ebf9cfc5966b082cf9a028302ed4184","hash":"748ea99c49b5fd92950b18bbf1e96754a1314a71"}
,"J:\\front\\weather-app\\src\\views\\SettingsView\\SettingsView.js": {"path":"J:\\front\\weather-app\\src\\views\\SettingsView\\SettingsView.js","statementMap":{"0":{"start":{"line":8,"column":22},"end":{"line":55,"column":1}},"1":{"start":{"line":11,"column":4},"end":{"line":52,"column":26}},"2":{"start":{"line":13,"column":4},"end":{"line":50,"column":10}},"3":{"start":{"line":22,"column":20},"end":{"line":22,"column":48}},"4":{"start":{"line":23,"column":20},"end":{"line":23,"column":54}},"5":{"start":{"line":32,"column":19},"end":{"line":32,"column":47}},"6":{"start":{"line":33,"column":19},"end":{"line":33,"column":53}}},"fnMap":{"0":{"name":"(anonymous_0)","decl":{"start":{"line":8,"column":22},"end":{"line":8,"column":23}},"loc":{"start":{"line":11,"column":4},"end":{"line":52,"column":26}},"line":11},"1":{"name":"(anonymous_1)","decl":{"start":{"line":12,"column":6},"end":{"line":12,"column":7}},"loc":{"start":{"line":13,"column":4},"end":{"line":50,"column":10}},"line":13},"2":{"name":"(anonymous_2)","decl":{"start":{"line":20,"column":109},"end":{"line":20,"column":110}},"loc":{"start":{"line":20,"column":116},"end":{"line":25,"column":17}},"line":20},"3":{"name":"(anonymous_3)","decl":{"start":{"line":30,"column":114},"end":{"line":30,"column":115}},"loc":{"start":{"line":30,"column":121},"end":{"line":35,"column":17}},"line":30}},"branchMap":{},"s":{"0":1,"1":0,"2":0,"3":0,"4":0,"5":0,"6":0},"f":{"0":0,"1":0,"2":0,"3":0},"b":{},"_coverageSchema":"43e27e138ebf9cfc5966b082cf9a028302ed4184","hash":"5b3eacec85a6fcca2e908afa512a97fa5d812a8f"}
}
