TN:
SF:J:\front\weather-app\src\Context.js
FNF:0
FNH:0
DA:3,5
LF:1
LH:1
BRF:0
BRH:0
end_of_record
TN:
SF:J:\front\weather-app\src\serviceWorker.js
FN:23,register
FN:34,(anonymous_1)
FN:43,(anonymous_2)
FN:57,registerValidSW
FN:60,(anonymous_4)
FN:64,(anonymous_5)
FN:69,(anonymous_6)
FN:99,(anonymous_7)
FN:104,checkValidServiceWorker
FN:107,(anonymous_9)
FN:115,(anonymous_10)
FN:116,(anonymous_11)
FN:125,(anonymous_12)
FN:132,unregister
FN:134,(anonymous_14)
FNF:15
FNH:0
FNDA:0,register
FNDA:0,(anonymous_1)
FNDA:0,(anonymous_2)
FNDA:0,registerValidSW
FNDA:0,(anonymous_4)
FNDA:0,(anonymous_5)
FNDA:0,(anonymous_6)
FNDA:0,(anonymous_7)
FNDA:0,checkValidServiceWorker
FNDA:0,(anonymous_9)
FNDA:0,(anonymous_10)
FNDA:0,(anonymous_11)
FNDA:0,(anonymous_12)
FNDA:0,unregister
FNDA:0,(anonymous_14)
DA:13,0
DA:24,0
DA:26,0
DA:27,0
DA:31,0
DA:34,0
DA:35,0
DA:37,0
DA:39,0
DA:43,0
DA:44,0
DA:51,0
DA:58,0
DA:62,0
DA:64,0
DA:65,0
DA:66,0
DA:67,0
DA:69,0
DA:70,0
DA:71,0
DA:75,0
DA:81,0
DA:82,0
DA:88,0
DA:91,0
DA:92,0
DA:100,0
DA:106,0
DA:109,0
DA:110,0
DA:115,0
DA:116,0
DA:117,0
DA:122,0
DA:126,0
DA:133,0
DA:134,0
DA:135,0
LF:39
LH:0
BRDA:14,0,0,0
BRDA:14,0,1,0
BRDA:14,0,2,0
BRDA:24,1,0,0
BRDA:24,1,1,0
BRDA:24,2,0,0
BRDA:24,2,1,0
BRDA:27,3,0,0
BRDA:27,3,1,0
BRDA:37,4,0,0
BRDA:37,4,1,0
BRDA:66,5,0,0
BRDA:66,5,1,0
BRDA:70,6,0,0
BRDA:70,6,1,0
BRDA:71,7,0,0
BRDA:71,7,1,0
BRDA:81,8,0,0
BRDA:81,8,1,0
BRDA:81,9,0,0
BRDA:81,9,1,0
BRDA:91,10,0,0
BRDA:91,10,1,0
BRDA:91,11,0,0
BRDA:91,11,1,0
BRDA:110,12,0,0
BRDA:110,12,1,0
BRDA:111,13,0,0
BRDA:111,13,1,0
BRDA:111,13,2,0
BRDA:133,14,0,0
BRDA:133,14,1,0
BRF:32
BRH:0
end_of_record
TN:
SF:J:\front\weather-app\src\components\Form\Form.js
FN:7,(anonymous_0)
FN:10,(anonymous_1)
FN:12,(anonymous_2)
FN:14,(anonymous_3)
FNF:4
FNH:2
FNDA:3,(anonymous_0)
FNDA:2,(anonymous_1)
FNDA:0,(anonymous_2)
FNDA:0,(anonymous_3)
DA:7,2
DA:9,3
DA:12,2
DA:14,0
LF:4
LH:3
BRF:0
BRH:0
end_of_record
TN:
SF:J:\front\weather-app\src\components\List\List.js
FN:6,(anonymous_0)
FN:24,(anonymous_1)
FNF:2
FNH:2
FNDA:3,(anonymous_0)
FNDA:2,(anonymous_1)
DA:6,4
DA:8,3
DA:24,2
LF:3
LH:3
BRDA:9,0,0,3
BRDA:9,0,1,0
BRDA:10,1,0,3
BRDA:10,1,1,0
BRF:4
BRH:2
end_of_record
TN:
SF:J:\front\weather-app\src\components\List\ListItem\Listitem.js
FN:8,(anonymous_0)
FN:12,(anonymous_1)
FN:18,(anonymous_2)
FNF:3
FNH:2
FNDA:3,(anonymous_0)
FNDA:2,(anonymous_1)
FNDA:0,(anonymous_2)
DA:8,5
DA:11,3
DA:14,2
DA:18,0
LF:4
LH:3
BRDA:17,0,0,1
BRDA:17,0,1,1
BRF:2
BRH:2
end_of_record
TN:
SF:J:\front\weather-app\src\components\Nav\SettingsBar.js
FN:7,(anonymous_0)
FNF:1
FNH:1
FNDA:3,(anonymous_0)
DA:7,2
DA:9,3
LF:2
LH:2
BRF:0
BRH:0
end_of_record
TN:
SF:J:\front\weather-app\src\views\ItemView\ItemView.js
FN:10,(anonymous_0)
FNF:1
FNH:1
FNDA:2,(anonymous_0)
DA:14,2
LF:1
LH:1
BRF:0
BRH:0
end_of_record
TN:
SF:J:\front\weather-app\src\views\ListView\ListView.js
FN:7,(anonymous_0)
FN:10,(anonymous_1)
FNF:2
FNH:2
FNDA:1,(anonymous_0)
FNDA:1,(anonymous_1)
DA:7,1
DA:9,1
DA:12,1
LF:3
LH:3
BRF:0
BRH:0
end_of_record
TN:
SF:J:\front\weather-app\src\views\RootView\Root.js
FN:33,(anonymous_0)
FN:38,(anonymous_1)
FN:55,(anonymous_2)
FN:66,(anonymous_3)
FN:78,(anonymous_4)
FN:90,(anonymous_5)
FN:96,(anonymous_6)
FN:104,(anonymous_7)
FN:126,(anonymous_8)
FN:138,(anonymous_9)
FN:143,(anonymous_10)
FN:154,(anonymous_11)
FN:175,(anonymous_12)
FN:187,(anonymous_13)
FN:194,(anonymous_14)
FN:204,(anonymous_15)
FN:210,(anonymous_16)
FN:216,(anonymous_17)
FN:222,(anonymous_18)
FNF:19
FNH:5
FNDA:0,(anonymous_0)
FNDA:0,(anonymous_1)
FNDA:1,(anonymous_2)
FNDA:1,(anonymous_3)
FNDA:1,(anonymous_4)
FNDA:0,(anonymous_5)
FNDA:0,(anonymous_6)
FNDA:0,(anonymous_7)
FNDA:0,(anonymous_8)
FNDA:0,(anonymous_9)
FNDA:0,(anonymous_10)
FNDA:0,(anonymous_11)
FNDA:0,(anonymous_12)
FNDA:0,(anonymous_13)
FNDA:2,(anonymous_14)
FNDA:0,(anonymous_15)
FNDA:0,(anonymous_16)
FNDA:0,(anonymous_17)
FNDA:2,(anonymous_18)
DA:15,1
DA:19,3
DA:33,3
DA:35,0
DA:36,0
DA:38,0
DA:39,0
DA:42,0
DA:43,0
DA:45,0
DA:47,0
DA:48,0
DA:51,0
DA:55,3
DA:56,1
DA:58,1
DA:59,3
DA:60,3
DA:63,1
DA:66,3
DA:67,1
DA:69,1
DA:70,3
DA:71,3
DA:74,1
DA:78,3
DA:80,1
DA:82,1
DA:83,2
DA:85,1
DA:90,3
DA:91,0
DA:92,0
DA:96,3
DA:98,0
DA:99,0
DA:100,0
DA:101,0
DA:103,0
DA:106,0
DA:107,0
DA:108,0
DA:111,0
DA:118,0
DA:124,0
DA:128,0
DA:129,0
DA:130,0
DA:131,0
DA:133,0
DA:138,3
DA:140,0
DA:141,0
DA:143,0
DA:144,0
DA:145,0
DA:146,0
DA:154,3
DA:156,0
DA:157,0
DA:158,0
DA:159,0
DA:160,0
DA:162,0
DA:164,0
DA:165,0
DA:166,0
DA:168,0
DA:171,0
DA:175,3
DA:177,0
DA:179,0
DA:180,0
DA:183,0
DA:187,3
DA:188,0
DA:189,0
DA:190,0
DA:194,3
DA:195,2
DA:196,2
DA:204,3
DA:205,0
DA:206,0
DA:210,3
DA:212,0
DA:213,0
DA:216,3
DA:217,0
DA:218,0
DA:219,0
DA:225,2
DA:234,2
LF:93
LH:34
BRDA:42,0,0,0
BRDA:42,0,1,0
BRDA:101,1,0,0
BRDA:101,1,1,0
BRDA:162,2,0,0
BRDA:162,2,1,0
BRDA:180,3,0,0
BRDA:180,3,1,0
BRDA:196,4,0,2
BRDA:196,4,1,0
BRF:10
BRH:1
end_of_record
TN:
SF:J:\front\weather-app\src\views\SettingsView\SettingsView.js
FN:8,(anonymous_0)
FN:12,(anonymous_1)
FN:20,(anonymous_2)
FN:30,(anonymous_3)
FNF:4
FNH:0
FNDA:0,(anonymous_0)
FNDA:0,(anonymous_1)
FNDA:0,(anonymous_2)
FNDA:0,(anonymous_3)
DA:8,1
DA:11,0
DA:13,0
DA:22,0
DA:23,0
DA:32,0
DA:33,0
LF:7
LH:1
BRF:0
BRH:0
end_of_record
